This is pdfTeX, Version 3.141592653-2.6-1.40.26 (TeX Live 2024) (preloaded format=pdflatex 2024.9.8)  19 OCT 2025 17:48
entering extended mode
 restricted \write18 enabled.
 file:line:error style messages enabled.
 %&-line parsing enabled.
**"c:/Users/Mathew Icho/OneDrive/D.S. Coding Projects/big_data_astronomy_review/tex/main.tex"
(c:/Users/Mathew Icho/OneDrive/D.S. Coding Projects/big_data_astronomy_review/tex/main.tex
LaTeX2e <2024-06-01> patch level 2
L3 programming layer <2024-08-16>
(./aastex631.cls
Document Class: aastex631 2020/12/20 Version 6.3.1d/AAS markup document class
Class aastex Info: 
 
 Original \LaTeX2.09 style by Chris Biemesderfer (chris@seagoat.com). 
 Adapted to \LaTeXe by A. Ogawa (ogawa@teleport.com)
 emulateapj.cls included, Copyright 2000-2015 Alexey Vikhlinin 
 Rewrite and update of emulateapj.cls, revised and enhanced with table macros, gridlines, draft watermark,
 track changes, new `modern' style and much more, by Amy Hendrickson,
 (amyh@texnology.com, http://www.texnology.com) 
 
  on input line 106.
\bibbaselineskip=\skip49
(c:/texlive/2024/texmf-dist/tex/latex/revtex4-1/revtex4-1.cls
Document Class: revtex4-1 2020/09/30 4.1s (http://publish.aps.org/revtex4/ for documentation)
 Copyright (c) 2009 The American Physical Society.
 mailto:revtex@aps.org
 Licensed under the LPPL:
http://www.ctan.org/tex-archive/macros/latex/base/lppl.txt
 Arthur Ogawa <arthur_ogawa at sbcglobal dot net>
 Based on work by David Carlisle <david at dcarlisle.demon.co.uk>.
ltxutil[2020/09/30 4.1s utilities package (portions licensed from W. E. Baxter web at superscript.com)]
LaTeX Info: Redefining \@centercr on input line 346.
Class revtex4-1 Info: Repairing hyperref-unfriendly LaTeX definition of \mpfootnote on input line 471.
Class revtex4-1 Info: Repairing broken LateX \@sect on input line 793.
\intertabularlinepenalty=\count194
\@tbpen=\count195
\@arstrutbox@hline=\box52
Class revtex4-1 Info: Repairing broken LaTeX \@xbitor on input line 1824.
Class revtex4-1 Info: Making \typeout \long on input line 2089.
ltxfront[2020/09/30 4.1s frontmatter package (AO,DPC)]
\c@affil=\count196
\c@collab=\count197
\absbox=\box53
ltxgrid[2020/09/30 4.1s page grid package (portions licensed from W. E. Baxter web at superscript.com)]
\c@linecount=\count198
\output@latex=\toks17
\box@size@1=\box54
\box@size@2=\box55
\@protection@box=\box56
\@topmark@saved=\toks18
\footins@saved=\box57
\footins@recovered=\box58
\column@recovered=\box59
\pagesofar=\box60
\footsofar=\box61
\pagegrid@col=\count199
Class revtex4-1 Info: Overriding \@vspace, \@vspacer, \@no@pgbk, \@newline, and \\  on input line 5655.
\c@part=\count266
\c@section=\count267
\c@subsection=\count268
\c@subsubsection=\count269
\c@paragraph=\count270
\c@subparagraph=\count271
\abovecaptionskip=\skip50
\belowcaptionskip=\skip51
\c@figure=\count272
\fbox@1=\box62
\c@table=\count273
\fbox@2=\box63
\c@video=\count274
\fbox@4=\box64
\@bibdataout=\write3
\widetext@top=\box65
\widetext@bot=\box66
Class revtex4-1 Info: Selecting society aps on input line 7616.
(c:/texlive/2024/texmf-dist/tex/latex/revtex4-1/aps4-1.rtx
File: aps4-1 2020/09/30 4.1s (http://publish.aps.org/revtex4/ for documentation)
Class revtex4-1 Info: RevTeX society APS selected on input line 31.
)
Class revtex4-1 Info: Selecting journal pra on input line 7618.
Class revtex4-1 Info: APS journal PRA selected on input line 7619.
 (c:/texlive/2024/texmf-dist/tex/latex/revtex4-1/aps12pt4-1.rtx
File: aps12pt4-1 2020/09/30 4.1s (http://publish.aps.org/revtex4/ for documentation)
Class revtex4-1 Info: RevTeX pointsize 12pt selected on input line 30.
) (c:/texlive/2024/texmf-dist/tex/latex/textcase/textcase.sty
Package: textcase 2023/07/27 v1.04 Text only upper/lower case changing (DPC)
Package textcase Info: Defining Legacy names on input line 20.
) (c:/texlive/2024/texmf-dist/tex/latex/url/url.sty
\Urlmuskip=\muskip17
Package: url 2013/09/16  ver 3.4  Verb mode for urls, etc.
) (c:/texlive/2024/texmf-dist/tex/latex/natbib/natbib.sty
Package: natbib 2010/09/13 8.31b (PWD, AO)
\bibhang=\skip52
\bibsep=\skip53
LaTeX Info: Redefining \cite on input line 694.
\c@NAT@ctr=\count275
)
Class revtex4-1 Info: Repairing natbib's \BibitemShut on input line 7623.
 (c:/texlive/2024/texmf-dist/tex/latex/revtex4-1/revsymb4-1.sty
Package: revsymb4-1 2020/09/30 4.1s (http://publish.aps.org/revtex4/ for documentation)
LaTeX Info: Redefining \REV@mathfrak on input line 119.
)) (c:/texlive/2024/texmf-dist/tex/latex/base/latexsym.sty
Package: latexsym 1998/08/17 v2.2e Standard LaTeX package (lasy symbols)
\symlasy=\mathgroup4
LaTeX Font Info:    Overwriting symbol font `lasy' in version `bold'
(Font)                  U/lasy/m/n --> U/lasy/b/n on input line 52.
) (c:/texlive/2024/texmf-dist/tex/latex/graphics/graphicx.sty
Package: graphicx 2021/09/16 v1.2d Enhanced LaTeX Graphics (DPC,SPQR)
 (c:/texlive/2024/texmf-dist/tex/latex/graphics/keyval.sty
Package: keyval 2022/05/29 v1.15 key=value parser (DPC)
\KV@toks@=\toks19
) (c:/texlive/2024/texmf-dist/tex/latex/graphics/graphics.sty
Package: graphics 2024/05/23 v1.4g Standard LaTeX Graphics (DPC,SPQR)
 (c:/texlive/2024/texmf-dist/tex/latex/graphics/trig.sty
Package: trig 2023/12/02 v1.11 sin cos tan (DPC)
) (c:/texlive/2024/texmf-dist/tex/latex/graphics-cfg/graphics.cfg
File: graphics.cfg 2016/06/04 v1.11 sample graphics configuration
)
Package graphics Info: Driver file: pdftex.def on input line 106.
 (c:/texlive/2024/texmf-dist/tex/latex/graphics-def/pdftex.def
File: pdftex.def 2024/04/13 v1.2c Graphics/color driver for pdftex
))
\Gin@req@height=\dimen141
\Gin@req@width=\dimen142
) (c:/texlive/2024/texmf-dist/tex/latex/amsfonts/amssymb.sty
Package: amssymb 2013/01/14 v3.01 AMS font symbols
 (c:/texlive/2024/texmf-dist/tex/latex/amsfonts/amsfonts.sty
Package: amsfonts 2013/01/14 v3.01 Basic AMSFonts support
\@emptytoks=\toks20
\symAMSa=\mathgroup5
\symAMSb=\mathgroup6
LaTeX Font Info:    Redeclaring math symbol \hbar on input line 98.
LaTeX Font Info:    Overwriting math alphabet `\mathfrak' in version `bold'
(Font)                  U/euf/m/n --> U/euf/b/n on input line 106.
LaTeX Info: Redefining \frak on input line 111.
LaTeX Info: Redefining \Bbb on input line 113.
)) (c:/texlive/2024/texmf-dist/tex/generic/epsf/epsf.sty
This is `epsf.tex' v2.7.4 <14 February 2011>
\epsffilein=\read2
\epsfframemargin=\dimen143
\epsfframethickness=\dimen144
\epsfrsize=\dimen145
\epsftmp=\dimen146
\epsftsize=\dimen147
\epsfxsize=\dimen148
\epsfysize=\dimen149
\pspoints=\dimen150
)
\rptnum=\count276
\rptloopnum=\count277
\fncount=\count278
\endfncount=\count279
\c@front@matter@foot@note=\count280
\keys@width=\skip54
\c@lastfootnote=\count281
\tempsectnum=\count282
\ackbox=\box67
\c@remember@figure@num=\count283
\c@remember@table@num=\count284
\bibskip=\skip55
\bibindent=\dimen151
\plot@width=\skip56
\c@table@save=\count285
\@abovenoteskip=\dimen152
\table@note@skip=\skip57
\deluxe@table@width=\skip58
\@d@t@a=\skip59
\c@deluxe@table@num=\count286
\LTcapwidth=\dimen153
\abovedeluxetableskip=\skip60
\belowdeluxetableskip=\skip61
\lastrowheight=\dimen154
\DT@p@ftn=\toks21
\pt@column=\count287
\pt@ncol=\count288
 (c:/texlive/2024/texmf-dist/tex/latex/tools/longtable.sty
Package: longtable 2024-04-26 v4.20 Multi-page Table package (DPC)
\LTleft=\skip62
\LTright=\skip63
\LTpre=\skip64
\LTpost=\skip65
\LTchunksize=\count289
\LTcapwidth=\dimen155
\LT@head=\box68
\LT@firsthead=\box69
\LT@foot=\box70
\LT@lastfoot=\box71
\LT@gbox=\box72
\LT@cols=\count290
\LT@rows=\count291
\c@LT@tables=\count292
\c@LT@chunks=\count293
\LT@p@ftn=\toks22
) (c:/texlive/2024/texmf-dist/tex/latex/xcolor/xcolor.sty
Package: xcolor 2023/11/15 v3.01 LaTeX color extensions (UK)
 (c:/texlive/2024/texmf-dist/tex/latex/graphics-cfg/color.cfg
File: color.cfg 2016/01/02 v1.6 sample color configuration
)
Package xcolor Info: Driver file: pdftex.def on input line 274.
 (c:/texlive/2024/texmf-dist/tex/latex/graphics/mathcolor.ltx)
Package xcolor Info: Model `cmy' substituted by `cmy0' on input line 1350.
Package xcolor Info: Model `hsb' substituted by `rgb' on input line 1354.
Package xcolor Info: Model `RGB' extended on input line 1366.
Package xcolor Info: Model `HTML' substituted by `rgb' on input line 1368.
Package xcolor Info: Model `Hsb' substituted by `hsb' on input line 1369.
Package xcolor Info: Model `tHsb' substituted by `hsb' on input line 1370.
Package xcolor Info: Model `HSB' substituted by `hsb' on input line 1371.
Package xcolor Info: Model `Gray' substituted by `gray' on input line 1372.
Package xcolor Info: Model `wave' substituted by `hsb' on input line 1373.
) (c:/texlive/2024/texmf-dist/tex/latex/hyperref/hyperref.sty
Package: hyperref 2024-07-10 v7.01j Hypertext links for LaTeX
 (c:/texlive/2024/texmf-dist/tex/generic/iftex/iftex.sty
Package: iftex 2022/02/03 v1.0f TeX engine tests
) (c:/texlive/2024/texmf-dist/tex/latex/kvsetkeys/kvsetkeys.sty
Package: kvsetkeys 2022-10-05 v1.19 Key value parser (HO)
) (c:/texlive/2024/texmf-dist/tex/generic/kvdefinekeys/kvdefinekeys.sty
Package: kvdefinekeys 2019-12-19 v1.6 Define keys (HO)
) (c:/texlive/2024/texmf-dist/tex/generic/pdfescape/pdfescape.sty
Package: pdfescape 2019/12/09 v1.15 Implements pdfTeX's escape features (HO)
 (c:/texlive/2024/texmf-dist/tex/generic/ltxcmds/ltxcmds.sty
Package: ltxcmds 2023-12-04 v1.26 LaTeX kernel commands for general use (HO)
) (c:/texlive/2024/texmf-dist/tex/generic/pdftexcmds/pdftexcmds.sty
Package: pdftexcmds 2020-06-27 v0.33 Utility functions of pdfTeX for LuaTeX (HO)
 (c:/texlive/2024/texmf-dist/tex/generic/infwarerr/infwarerr.sty
Package: infwarerr 2019/12/03 v1.5 Providing info/warning/error messages (HO)
)
Package pdftexcmds Info: \pdf@primitive is available.
Package pdftexcmds Info: \pdf@ifprimitive is available.
Package pdftexcmds Info: \pdfdraftmode found.
)) (c:/texlive/2024/texmf-dist/tex/latex/hycolor/hycolor.sty
Package: hycolor 2020-01-27 v1.10 Color options for hyperref/bookmark (HO)
) (c:/texlive/2024/texmf-dist/tex/latex/hyperref/nameref.sty
Package: nameref 2023-11-26 v2.56 Cross-referencing by name of section
 (c:/texlive/2024/texmf-dist/tex/latex/refcount/refcount.sty
Package: refcount 2019/12/15 v3.6 Data extraction from label references (HO)
) (c:/texlive/2024/texmf-dist/tex/generic/gettitlestring/gettitlestring.sty
Package: gettitlestring 2019/12/15 v1.6 Cleanup title references (HO)
 (c:/texlive/2024/texmf-dist/tex/latex/kvoptions/kvoptions.sty
Package: kvoptions 2022-06-15 v3.15 Key value format for package options (HO)
))

Package nameref Warning: The definition of \label has changed! 
(nameref)                Check your packages! 
(nameref)                Replacing it with the kernel definition on input line 149.

\c@section@level=\count294
) (c:/texlive/2024/texmf-dist/tex/latex/etoolbox/etoolbox.sty
Package: etoolbox 2020/10/05 v2.5k e-TeX tools for LaTeX (JAW)
\etb@tempcnta=\count295
) (c:/texlive/2024/texmf-dist/tex/generic/stringenc/stringenc.sty
Package: stringenc 2019/11/29 v1.12 Convert strings between diff. encodings (HO)
)
\@linkdim=\dimen156
\Hy@linkcounter=\count296
\Hy@pagecounter=\count297
 (c:/texlive/2024/texmf-dist/tex/latex/hyperref/pd1enc.def
File: pd1enc.def 2024-07-10 v7.01j Hyperref: PDFDocEncoding definition (HO)
Now handling font encoding PD1 ...
... no UTF-8 mapping file for font encoding PD1
) (c:/texlive/2024/texmf-dist/tex/generic/intcalc/intcalc.sty
Package: intcalc 2019/12/15 v1.3 Expandable calculations with integers (HO)
)
\Hy@SavedSpaceFactor=\count298
 (c:/texlive/2024/texmf-dist/tex/latex/hyperref/puenc.def
File: puenc.def 2024-07-10 v7.01j Hyperref: PDF Unicode definition (HO)
Now handling font encoding PU ...
... no UTF-8 mapping file for font encoding PU
)
Package hyperref Info: Option `bookmarks' set `true' on input line 4040.
Package hyperref Info: Option `pdfnewwindow' set `true' on input line 4040.
Package hyperref Info: Option `colorlinks' set `true' on input line 4040.
Package hyperref Info: Option `final' set `true' on input line 4040.
Package hyperref Info: Hyper figures OFF on input line 4157.
Package hyperref Info: Link nesting OFF on input line 4162.
Package hyperref Info: Hyper index ON on input line 4165.
Package hyperref Info: Plain pages OFF on input line 4172.
Package hyperref Info: Backreferencing OFF on input line 4177.
Package hyperref Info: Implicit mode ON; LaTeX internals redefined.
Package hyperref Info: Bookmarks ON on input line 4424.
LaTeX Info: Redefining \href on input line 4674.
\c@Hy@tempcnt=\count299
LaTeX Info: Redefining \url on input line 4763.
\XeTeXLinkMargin=\dimen157
 (c:/texlive/2024/texmf-dist/tex/generic/bitset/bitset.sty
Package: bitset 2019/12/09 v1.3 Handle bit-vector datatype (HO)
 (c:/texlive/2024/texmf-dist/tex/generic/bigintcalc/bigintcalc.sty
Package: bigintcalc 2019/12/15 v1.5 Expandable calculations on big integers (HO)
))
\Fld@menulength=\count300
\Field@Width=\dimen158
\Fld@charsize=\dimen159
Package hyperref Info: Hyper figures OFF on input line 6042.
Package hyperref Info: Link nesting OFF on input line 6047.
Package hyperref Info: Hyper index ON on input line 6050.
Package hyperref Info: backreferencing OFF on input line 6057.
Package hyperref Info: Link coloring ON on input line 6060.
Package hyperref Info: Link coloring with OCG OFF on input line 6067.
Package hyperref Info: PDF/A mode OFF on input line 6072.
 (c:/texlive/2024/texmf-dist/tex/latex/base/atbegshi-ltx.sty
Package: atbegshi-ltx 2021/01/10 v1.0c Emulation of the original atbegshi
package with kernel methods
)
\Hy@abspage=\count301
\c@Item=\count302
\c@Hfootnote=\count303
)
Package hyperref Info: Driver (autodetected): hpdftex.
 (c:/texlive/2024/texmf-dist/tex/latex/hyperref/hpdftex.def
File: hpdftex.def 2024-07-10 v7.01j Hyperref driver for pdfTeX
 (c:/texlive/2024/texmf-dist/tex/latex/base/atveryend-ltx.sty
Package: atveryend-ltx 2020/08/19 v1.0a Emulation of the original atveryend package
with kernel methods
)
\Fld@listcount=\count304
\c@bookmark@seq@number=\count305
 (c:/texlive/2024/texmf-dist/tex/latex/rerunfilecheck/rerunfilecheck.sty
Package: rerunfilecheck 2022-07-10 v1.10 Rerun checks for auxiliary files (HO)
 (c:/texlive/2024/texmf-dist/tex/generic/uniquecounter/uniquecounter.sty
Package: uniquecounter 2019/12/15 v1.4 Provide unlimited unique counter (HO)
)
Package uniquecounter Info: New unique counter `rerunfilecheck' on input line 285.
)
\Hy@SectionHShift=\skip66
) (c:/texlive/2024/texmf-dist/tex/latex/tools/array.sty
Package: array 2024/06/14 v2.6d Tabular extension package (FMi)
\col@sep=\dimen160
\ar@mcellbox=\box73
\extrarowheight=\dimen161
\NC@list=\toks23
\extratabsurround=\skip67
\backup@length=\skip68
\ar@cellbox=\box74
)
\colcount=\count306
\firstcolcount=\count307
\secondcolcount=\count308
\thirdcolcount=\count309
\columncount=\count310
\howmanyDs=\count311
\firsthowmanyDs=\count312
\secondhowmanyDs=\count313
\PartsOfTable=\count314
\columnoneandtwo=\count315
\colnumsused=\count316
\loopnum=\count317
\totalcolumncount=\count318
\totalcolumns=\count319
\firsttablebox=\box75
\secondtablebox=\box76
\thirdtablebox=\box77
\longtablebox=\box78
\splitbox=\box79
\movetabledown=\dimen162
\maxtablewidth=\dimen163
\savetabskip=\dimen164
\tempcounter=\count320
\colheadcount=\count321
\rotatetablebox=\box80
\colorcount=\count322
\editnum=\count323
\refchangenumber=\count324
\listchangenum=\count325
 (c:/texlive/2024/texmf-dist/tex/generic/ulem/ulem.sty
\UL@box=\box81
\UL@hyphenbox=\box82
\UL@skip=\skip69
\UL@hook=\toks24
\UL@height=\dimen165
\UL@pe=\count326
\UL@pixel=\dimen166
\ULC@box=\box83
Package: ulem 2019/11/18
\ULdepth=\dimen167
)
\entriesinthiscollab=\count327
\allentries=\count328
\AuthorCollaborationLimit=\count329
\largestAffilNum=\count330
\totalentries=\count331
\docollabnum=\count332
\tempauthornumber=\count333
\countauthors=\count334
\testnum=\count335
\tempauthorminusone=\count336
\affilnum=\count337
\c@affilcount=\count338
\numauthors=\count339
\collabnum=\count340
\collabnamebox=\box84
\widetext@top=\box85
\widetext@bot=\box86
\currwidth=\dimen168
\interactbox=\box87
\movetableright=\dimen169
 (c:/texlive/2024/texmf-dist/tex/latex/lineno/lineno.sty
Package: lineno 2023/05/20 line numbers on paragraphs v5.3
\linenopenalty=\count341
\output=\toks25
\linenoprevgraf=\count342
\linenumbersep=\dimen170
\linenumberwidth=\dimen171
\c@linenumber=\count343
\c@pagewiselinenumber=\count344
\c@LN@truepage=\count345
\c@internallinenumber=\count346
\c@internallinenumbers=\count347
\quotelinenumbersep=\dimen172
\bframerule=\dimen173
\bframesep=\dimen174
\bframebox=\box88
LaTeX Info: Redefining \\ on input line 3180.
)) (c:/texlive/2024/texmf-dist/tex/latex/appendix/appendix.sty
Package: appendix 2020/02/08 v1.2c extra appendix facilities
\c@@pps=\count348
\c@@ppsavesec=\count349
\c@@ppsaveapp=\count350
) (c:/texlive/2024/texmf-dist/tex/latex/listings/listings.sty
\lst@mode=\count351
\lst@gtempboxa=\box89
\lst@token=\toks26
\lst@length=\count352
\lst@currlwidth=\dimen175
\lst@column=\count353
\lst@pos=\count354
\lst@lostspace=\dimen176
\lst@width=\dimen177
\lst@newlines=\count355
\lst@lineno=\count356
\lst@maxwidth=\dimen178
 (c:/texlive/2024/texmf-dist/tex/latex/listings/lstpatch.sty
File: lstpatch.sty 2024/05/25 1.10b (Carsten Heinz)
) (c:/texlive/2024/texmf-dist/tex/latex/listings/lstmisc.sty
File: lstmisc.sty 2024/05/25 1.10b (Carsten Heinz)
\c@lstnumber=\count357
\lst@skipnumbers=\count358
\lst@framebox=\box90
) (c:/texlive/2024/texmf-dist/tex/latex/listings/listings.cfg
File: listings.cfg 2024/05/25 1.10b listings configuration
))
Package: listings 2024/05/25 1.10b (Carsten Heinz)
Class revtex4-1 Info: Unrecognized array package. Please update this document class! (Proceeding with fingers crossed.) on input line 7.
Class revtex4-1 Info: Patching unrecognized longtable package. (Proceeding with fingers crossed) on input line 7.
Class revtex4-1 Info: cite was not loaded (OK!) on input line 7.
Class revtex4-1 Info: mcite was not loaded (OK!) on input line 7.
Class revtex4-1 Info: multicol was not loaded (OK!) on input line 7.
 (c:/texlive/2024/texmf-dist/tex/latex/l3backend/l3backend-pdftex.def
File: l3backend-pdftex.def 2024-05-08 L3 backend support: PDF output (pdfTeX)
\l__color_backend_stack_int=\count359
\l__pdf_internal_box=\box91
) (./main.aux

Package natbib Warning: Citation `MIGHTEESurvey' multiply defined.


Package natbib Warning: Citation `SKATelescopeSpecifications' multiply defined.


Package natbib Warning: Citation `blythLADUMALookingDistant2018' multiply defined.


Package natbib Warning: Citation `bowenOpticalDesign40in1973' multiply defined.


Package natbib Warning: Citation `bundyOVERVIEWSDSSIVMaNGA2014' multiply defined.


Package natbib Warning: Citation `bundyOVERVIEWSDSSIVMaNGA2014a' multiply defined.


Package natbib Warning: Citation `camiloDOCUMENTDISTRIBUTION2024' multiply defined.


Package natbib Warning: Citation `cottonObitDevelopmentEnvironment2008' multiply defined.


Package natbib Warning: Citation `cottonAttemptAdaptSaultWieringa2010' multiply defined.


Package natbib Warning: Citation `dawsonSDSSIVEXTENDEDBARYON2016' multiply defined.


Package natbib Warning: Citation `deblokMHONGOOSEMeerKATNearby2024' multiply defined.


Package natbib Warning: Citation `dewdneySquareKilometreArray2009' multiply defined.


Package natbib Warning: Citation `fernandesRealtimeLineDetection2008' multiply defined.


Package natbib Warning: Citation `goedhartMeerKATSpecifications2025' multiply defined.


Package natbib Warning: Citation `gunn25TelescopeSloan2006' multiply defined.


Package natbib Warning: Citation `guptaBlindOHAbsorption2021' multiply defined.


Package natbib Warning: Citation `heyFourthParadigmDataIntensive2009' multiply defined.


Package natbib Warning: Citation `holtzmanNMSU1Telescope2010' multiply defined.


Package natbib Warning: Citation `ivezicLSSTScienceDrivers2019' multiply defined.


Package natbib Warning: Citation `jonasMeerKATRadioTelescope2018' multiply defined.


Package natbib Warning: Citation `juricLSSTDataManagement2017' multiply defined.


Package natbib Warning: Citation `lesserSummaryChargeCoupledDevices2015' multiply defined.


Package natbib Warning: Citation `luptonSDSSImagingPipelines2001' multiply defined.


Package natbib Warning: Citation `luptonSDSSImagingPipelines2007' multiply defined.


Package natbib Warning: Citation `majewskiApachePointObservatory2017' multiply defined.


Package natbib Warning: Citation `mooreCrammingMoreComponents2006' multiply defined.


Package natbib Warning: Citation `nsf-doeverac.rubinobservatoryPSTN019LSSTScience2025' multiply defined.


Package natbib Warning: Citation `ratcliffeSDPPipelinesOverview2021' multiply defined.


Package natbib Warning: Citation `richardsWhatVignetting2020' multiply defined.


Package natbib Warning: Citation `verbuntThreeEditionsStar2010' multiply defined.


Package natbib Warning: Citation `woudtThunderKATMeerKATLarge2018' multiply defined.

)
\openout1 = `main.aux'.

LaTeX Font Info:    Checking defaults for OML/cmm/m/it on input line 7.
LaTeX Font Info:    ... okay on input line 7.
LaTeX Font Info:    Checking defaults for OMS/cmsy/m/n on input line 7.
LaTeX Font Info:    ... okay on input line 7.
LaTeX Font Info:    Checking defaults for OT1/cmr/m/n on input line 7.
LaTeX Font Info:    ... okay on input line 7.
LaTeX Font Info:    Checking defaults for T1/cmr/m/n on input line 7.
LaTeX Font Info:    ... okay on input line 7.
LaTeX Font Info:    Checking defaults for TS1/cmr/m/n on input line 7.
LaTeX Font Info:    ... okay on input line 7.
LaTeX Font Info:    Checking defaults for OMX/cmex/m/n on input line 7.
LaTeX Font Info:    ... okay on input line 7.
LaTeX Font Info:    Checking defaults for U/cmr/m/n on input line 7.
LaTeX Font Info:    ... okay on input line 7.
LaTeX Font Info:    Checking defaults for PD1/pdf/m/n on input line 7.
LaTeX Font Info:    ... okay on input line 7.
LaTeX Font Info:    Checking defaults for PU/pdf/m/n on input line 7.
LaTeX Font Info:    ... okay on input line 7.
 (c:/texlive/2024/texmf-dist/tex/context/base/mkii/supp-pdf.mkii
[Loading MPS to PDF converter (version 2006.09.02).]
\scratchcounter=\count360
\scratchdimen=\dimen179
\scratchbox=\box92
\nofMPsegments=\count361
\nofMParguments=\count362
\everyMPshowfont=\toks27
\MPscratchCnt=\count363
\MPscratchDim=\dimen180
\MPnumerator=\count364
\makeMPintoPDFobject=\count365
\everyMPtoPDFconversion=\toks28
) (c:/texlive/2024/texmf-dist/tex/latex/epstopdf-pkg/epstopdf-base.sty
Package: epstopdf-base 2020-01-24 v2.11 Base part for package epstopdf
Package epstopdf-base Info: Redefining graphics rule for `.eps' on input line 485.
 (c:/texlive/2024/texmf-dist/tex/latex/latexconfig/epstopdf-sys.cfg
File: epstopdf-sys.cfg 2010/07/13 v1.3 Configuration of (r)epstopdf for TeX Live
))
Package hyperref Info: Link coloring ON on input line 7.
 (./main.out) (./main.out)
\@outlinefile=\write4
\openout4 = `main.out'.

\c@lstlisting=\count366
Class revtex4-1 Info: Overriding lineo.sty, restoring output routine, on input line 7.
Class revtex4-1 Info: Reinvoke \linenumbers on input line 7.
Class revtex4-1 Info: Overriding \@LN@LLerror on input line 7.
LaTeX Font Info:    Trying to load font information for U+lasy on input line 28.
 (c:/texlive/2024/texmf-dist/tex/latex/base/ulasy.fd
File: ulasy.fd 1998/08/17 v2.2e LaTeX symbol font definitions
)
LaTeX Font Info:    Trying to load font information for U+msa on input line 28.
 (c:/texlive/2024/texmf-dist/tex/latex/amsfonts/umsa.fd
File: umsa.fd 2013/01/14 v3.01 AMS symbols A
)
LaTeX Font Info:    Trying to load font information for U+msb on input line 28.
 (c:/texlive/2024/texmf-dist/tex/latex/amsfonts/umsb.fd
File: umsb.fd 2013/01/14 v3.01 AMS symbols B
) (./main.toc
Overfull \hbox (8.6388pt too wide) detected at line 3
 \OT1/cmr/m/n/12 1.
 []


Overfull \hbox (0.87494pt too wide) detected at line 3
 \OT1/cmr/m/n/12 1
 []


Overfull \hbox (17.77759pt too wide) detected at line 4
 \OT1/cmr/m/n/12 1.1.
 []


Overfull \hbox (0.87494pt too wide) detected at line 4
 \OT1/cmr/m/n/12 1
 []


Overfull \hbox (17.77759pt too wide) detected at line 5
 \OT1/cmr/m/n/12 1.2.
 []


Overfull \hbox (0.87494pt too wide) detected at line 5
 \OT1/cmr/m/n/12 2
 []


Overfull \hbox (17.77759pt too wide) detected at line 6
 \OT1/cmr/m/n/12 1.3.
 []


Overfull \hbox (0.87494pt too wide) detected at line 6
 \OT1/cmr/m/n/12 3
 []


Overfull \hbox (8.6388pt too wide) detected at line 7
 \OT1/cmr/m/n/12 2.
 []


Overfull \hbox (0.87494pt too wide) detected at line 7
 \OT1/cmr/m/n/12 5
 []


Overfull \hbox (17.77759pt too wide) detected at line 8
 \OT1/cmr/m/n/12 2.1.
 []


Overfull \hbox (0.87494pt too wide) detected at line 8
 \OT1/cmr/m/n/12 5
 []


Overfull \hbox (26.91638pt too wide) detected at line 9
 \OT1/cmr/m/n/12 2.1.1.
 []


Overfull \hbox (0.87494pt too wide) detected at line 9
 \OT1/cmr/m/n/12 5
 []


Overfull \hbox (26.91638pt too wide) detected at line 13
 \OT1/cmr/m/n/12 2.1.2.
 []


Overfull \hbox (0.87494pt too wide) detected at line 13
 \OT1/cmr/m/n/12 8
 []


Overfull \hbox (17.77759pt too wide) detected at line 17
 \OT1/cmr/m/n/12 2.2.
 []


Overfull \hbox (0.87494pt too wide) detected at line 17
 \OT1/cmr/m/n/12 9
 []


Overfull \hbox (26.91638pt too wide) detected at line 18
 \OT1/cmr/m/n/12 2.2.1.
 []


Overfull \hbox (0.87494pt too wide) detected at line 18
 \OT1/cmr/m/n/12 9
 []


Overfull \hbox (26.91638pt too wide) detected at line 20
 \OT1/cmr/m/n/12 2.2.2.
 []


Overfull \hbox (6.74988pt too wide) detected at line 20
 \OT1/cmr/m/n/12 11
 []


Overfull \hbox (8.6388pt too wide) detected at line 21
 \OT1/cmr/m/n/12 3.
 []


Overfull \hbox (6.74988pt too wide) detected at line 21
 \OT1/cmr/m/n/12 11
 []


Overfull \hbox (17.77759pt too wide) detected at line 22
 \OT1/cmr/m/n/12 3.1.
 []


Overfull \hbox (6.74988pt too wide) detected at line 22
 \OT1/cmr/m/n/12 11
 []


Overfull \hbox (8.6388pt too wide) detected at line 23
 \OT1/cmr/m/n/12 4.
 []


Overfull \hbox (6.74988pt too wide) detected at line 23
 \OT1/cmr/m/n/12 11
 []


Overfull \hbox (17.77759pt too wide) detected at line 24
 \OT1/cmr/m/n/12 4.1.
 []


Overfull \hbox (6.74988pt too wide) detected at line 24
 \OT1/cmr/m/n/12 11
 []


Overfull \hbox (26.91638pt too wide) detected at line 25
 \OT1/cmr/m/n/12 4.1.1.
 []


Overfull \hbox (6.74988pt too wide) detected at line 25
 \OT1/cmr/m/n/12 11
 []


Overfull \hbox (26.91638pt too wide) detected at line 26
 \OT1/cmr/m/n/12 4.1.2.
 []


Overfull \hbox (6.74988pt too wide) detected at line 26
 \OT1/cmr/m/n/12 12
 []


Overfull \hbox (26.91638pt too wide) detected at line 27
 \OT1/cmr/m/n/12 4.1.3.
 []


Overfull \hbox (6.74988pt too wide) detected at line 27
 \OT1/cmr/m/n/12 12
 []

[1{c:/texlive/2024/texmf-var/fonts/map/pdftex/updmap/pdftex.map}]
Overfull \hbox (26.91638pt too wide) detected at line 28
 \OT1/cmr/m/n/12 4.1.4.
 []


Overfull \hbox (6.74988pt too wide) detected at line 28
 \OT1/cmr/m/n/12 12
 []


Overfull \hbox (11.5721pt too wide) detected at line 29
 \OT1/cmr/m/n/12 A.
 []


Overfull \hbox (6.74988pt too wide) detected at line 29
 \OT1/cmr/m/n/12 12
 []

)
\tf@toc=\write5
\openout5 = `main.toc'.

 [2]
Overfull \hbox (15.24416pt too wide) in paragraph at lines 72--72
[][]| [] [][][]| 
 []


Overfull \hbox (15.24416pt too wide) in paragraph at lines 72--72
[][]| [] [][][]| 
 []


Overfull \hbox (15.24416pt too wide) in paragraph at lines 72--72
[][]| [] [][][]| 
 []


Overfull \hbox (15.24416pt too wide) in paragraph at lines 72--72
[][]| [] [][][]| 
 []


Overfull \hbox (15.24416pt too wide) in paragraph at lines 84--84
[][]| [] [][][]| 
 []


Overfull \hbox (15.24416pt too wide) in paragraph at lines 87--87
[][]| [] [][][]| 
 []


Overfull \vbox (35.52129pt too high) has occurred while \output is active []

 [3]
Overfull \hbox (15.24416pt too wide) in paragraph at lines 90--90
[][]| [] [][][]| 
 []


Overfull \hbox (15.24416pt too wide) in paragraph at lines 92--92
[][]| [] [][][]| 
 []


Overfull \hbox (15.24416pt too wide) in paragraph at lines 93--93
[][]| [] [][][]| 
 []


Overfull \hbox (19.23029pt too wide) in paragraph at lines 96--96
[][]| [] [][][]| 
 []


Overfull \hbox (19.23029pt too wide) in paragraph at lines 101--101
[][]| [] [][][]| 
 []


Overfull \hbox (19.23029pt too wide) in paragraph at lines 106--106
[][]| [] [][][]| 
 []


Overfull \hbox (19.23029pt too wide) in paragraph at lines 110--110
[][]| [] [][][]| 
 []


Overfull \hbox (19.23029pt too wide) in paragraph at lines 113--113
[][]| [] [][][]| 
 []


Overfull \hbox (19.23029pt too wide) in paragraph at lines 114--114
[][]| [] [][][]| 
 []


Overfull \hbox (19.23029pt too wide) in paragraph at lines 114--114
[